<?xml version="1.0" encoding="UTF-8"?>
<!-- Generated by org.testng.reporters.JUnitXMLReporter -->
<testsuite ignored="0" hostname="Sailesh-R" failures="0" tests="3" name="Default test" time="27.415" errors="0" timestamp="2023-03-22T19:57:36 IST">
  <testcase classname="eCommerce.Tests.SubmitOrderTest" name="SubmitOrder" time="3.515"/>
  <testcase classname="eCommerce.Tests.SubmitOrderTest" name="SubmitOrder" time="3.415"/>
  <testcase classname="eCommerce.Tests.SubmitOrderTest" name="orderHistory" time="0.794"/>
</testsuite> <!-- Default test -->
