<?xml version="1.0" encoding="UTF-8"?>
<!-- Generated by org.testng.reporters.JUnitXMLReporter -->
<testsuite ignored="0" hostname="Sailesh-R" failures="1" tests="2" name="ErrorValidationTest" time="18.86" errors="0" timestamp="2023-03-28T14:37:46 IST">
  <testcase classname="eCommerce.Tests.ErrorValidationsTest" name="LoginErrorValidation" time="1.375">
    <skipped/>
  </testcase> <!-- LoginErrorValidation -->
  <testcase classname="eCommerce.Tests.ErrorValidationsTest" name="LoginErrorValidation" time="1.193">
    <failure type="java.lang.AssertionError" message="expected [Incorrect email or password] but found [Incorrect email or password.]">
      <![CDATA[java.lang.AssertionError: expected [Incorrect email or password] but found [Incorrect email or password.]
at eCommerce.Tests.ErrorValidationsTest.LoginErrorValidation(ErrorValidationsTest.java:20)
at java.base/java.util.concurrent.ThreadPoolExecutor.runWorker(ThreadPoolExecutor.java:1136)
at java.base/java.util.concurrent.ThreadPoolExecutor$Worker.run(ThreadPoolExecutor.java:635)
at java.base/java.lang.Thread.run(Thread.java:833)
... Removed 18 stack frames]]>
    </failure>
  </testcase> <!-- LoginErrorValidation -->
</testsuite> <!-- ErrorValidationTest -->
