<?xml version="1.0" encoding="UTF-8"?>
<!-- Generated by org.testng.reporters.JUnitXMLReporter -->
<testsuite ignored="0" hostname="Sailesh-R" failures="1" tests="2" name="ErrorValidationTest" time="24.636" errors="0" timestamp="2023-03-28T14:46:43 IST">
  <testcase classname="eCommerce.Tests.ErrorValidationsTest" name="LoginErrorValidation" time="0.976">
    <skipped/>
  </testcase> <!-- LoginErrorValidation -->
  <testcase classname="eCommerce.Tests.ErrorValidationsTest" name="LoginErrorValidation" time="0.876">
    <failure type="java.lang.AssertionError" message="expected [Incorrect email or password] but found [Incorrect email or password.]">
      <![CDATA[java.lang.AssertionError: expected [Incorrect email or password] but found [Incorrect email or password.]
at eCommerce.Tests.ErrorValidationsTest.LoginErrorValidation(ErrorValidationsTest.java:20)
at java.base/java.util.ArrayList.forEach(ArrayList.java:1541)
... Removed 37 stack frames]]>
    </failure>
  </testcase> <!-- LoginErrorValidation -->
</testsuite> <!-- ErrorValidationTest -->
