<?xml version="1.0" encoding="UTF-8"?>
<!-- Generated by org.testng.reporters.JUnitXMLReporter -->
<testsuite ignored="0" hostname="Sailesh-R" failures="0" tests="3" name="SubmitOrderTest" time="70.016" errors="0" timestamp="2023-03-28T14:46:18 IST">
  <testcase classname="eCommerce.Tests.SubmitOrderTest" name="SubmitOrder" time="10.382"/>
  <testcase classname="eCommerce.Tests.SubmitOrderTest" name="SubmitOrder" time="4.865"/>
  <testcase classname="eCommerce.Tests.SubmitOrderTest" name="orderHistory" time="2.935"/>
</testsuite> <!-- SubmitOrderTest -->
